[07-26 15:31:35]: [INFO] Created column 'regdate' and set the current timestamp, 1722007895086, to all 0 rows
[07-26 15:31:35]: [INFO] SQLite Setup finished
[07-26 15:31:35]: [INFO] No supported permissions system found! Permissions are disabled!
[07-26 15:31:35]: [INFO] Hooked successfully into Essentials
[07-26 15:31:35]: [INFO] Essentials spawn file not found: '/home/container/plugins/Essentials/spawn.yml'
[07-26 15:31:35]: [INFO] 
    ___         __  __    __  ___   
   /   | __  __/ /_/ /_  /  |/  /__ 
  / /| |/ / / / __/ __ \/ /|_/ / _ \
 / ___ / /_/ / /_/ / / / /  / /  __/
/_/  |_\__,_/\__/_/ /_/_/  /_/\___/ 
                                    
[07-26 15:31:35]: [INFO] AuthMeReReloaded is running on Folia
[07-26 15:31:35]: [INFO] AuthMeReReloaded is enabled successfully!
[07-26 15:31:35]: [INFO] GitHub: https://github.com/HaHaWTH/AuthMeReReloaded/
[07-26 15:31:35]: [INFO] Checking for updates...
[07-26 15:31:36]: [INFO] You are running the latest version.
[07-26 15:45:05]: [INFO] AuthMe 5.7.0-FORK-b52 is unloaded successfully!
[07-26 15:45:42]: [INFO] SQLite Setup finished
[07-26 15:45:42]: [INFO] No supported permissions system found! Permissions are disabled!
[07-26 15:45:42]: [INFO] Hooked successfully into Essentials
[07-26 15:45:43]: [INFO] Essentials spawn file not found: '/home/container/plugins/Essentials/spawn.yml'
[07-26 15:45:44]: [INFO] 
    ___         __  __    __  ___   
   /   | __  __/ /_/ /_  /  |/  /__ 
  / /| |/ / / / __/ __ \/ /|_/ / _ \
 / ___ / /_/ / /_/ / / / /  / /  __/
/_/  |_\__,_/\__/_/ /_/_/  /_/\___/ 
                                    
[07-26 15:45:44]: [INFO] AuthMeReReloaded is running on Folia
[07-26 15:45:44]: [INFO] AuthMeReReloaded is enabled successfully!
[07-26 15:45:44]: [INFO] GitHub: https://github.com/HaHaWTH/AuthMeReReloaded/
[07-26 15:45:44]: [INFO] Checking for updates...
[07-26 15:45:44]: [INFO] You are running the latest version.
[07-27 04:33:51]: [INFO] AuthMe 5.7.0-FORK-b52 is unloaded successfully!
[07-27 04:34:40]: [INFO] SQLite Setup finished
[07-27 04:34:40]: [INFO] No supported permissions system found! Permissions are disabled!
[07-27 04:34:40]: [INFO] Hooked successfully into Essentials
[07-27 04:34:40]: [INFO] Essentials spawn file not found: '/home/container/plugins/Essentials/spawn.yml'
[07-27 04:34:40]: [INFO] 
    ___         __  __    __  ___   
   /   | __  __/ /_/ /_  /  |/  /__ 
  / /| |/ / / / __/ __ \/ /|_/ / _ \
 / ___ / /_/ / /_/ / / / /  / /  __/
/_/  |_\__,_/\__/_/ /_/_/  /_/\___/ 
                                    
[07-27 04:34:40]: [INFO] AuthMeReReloaded is running on Folia
[07-27 04:34:40]: [INFO] AuthMeReReloaded is enabled successfully!
[07-27 04:34:40]: [INFO] GitHub: https://github.com/HaHaWTH/AuthMeReReloaded/
[07-27 04:34:40]: [INFO] Checking for updates...
[07-27 04:34:41]: [INFO] You are running the latest version.
[07-27 04:41:38]: [INFO] AuthMe 5.7.0-FORK-b52 is unloaded successfully!
[07-27 04:43:30]: [INFO] SQLite Setup finished
[07-27 04:43:30]: [INFO] No supported permissions system found! Permissions are disabled!
[07-27 04:43:30]: [INFO] Hooked successfully into Essentials
[07-27 04:43:30]: [INFO] Essentials spawn file not found: '/home/container/plugins/Essentials/spawn.yml'
[07-27 04:43:30]: [INFO] 
    ___         __  __    __  ___   
   /   | __  __/ /_/ /_  /  |/  /__ 
  / /| |/ / / / __/ __ \/ /|_/ / _ \
 / ___ / /_/ / /_/ / / / /  / /  __/
/_/  |_\__,_/\__/_/ /_/_/  /_/\___/ 
                                    
[07-27 04:43:30]: [INFO] AuthMeReReloaded is running on Folia
[07-27 04:43:30]: [INFO] AuthMeReReloaded is enabled successfully!
[07-27 04:43:30]: [INFO] GitHub: https://github.com/HaHaWTH/AuthMeReReloaded/
[07-27 04:43:30]: [INFO] Checking for updates...
[07-27 04:43:31]: [INFO] You are running the latest version.
[07-27 04:46:23]: [INFO] AuthMe 5.7.0-FORK-b52 is unloaded successfully!
[07-27 04:46:56]: [INFO] SQLite Setup finished
[07-27 04:46:56]: [INFO] No supported permissions system found! Permissions are disabled!
[07-27 04:46:57]: [INFO] Hooked successfully into Essentials
[07-27 04:46:57]: [INFO] Essentials spawn file not found: '/home/container/plugins/Essentials/spawn.yml'
[07-27 04:46:57]: [INFO] 
    ___         __  __    __  ___   
   /   | __  __/ /_/ /_  /  |/  /__ 
  / /| |/ / / / __/ __ \/ /|_/ / _ \
 / ___ / /_/ / /_/ / / / /  / /  __/
/_/  |_\__,_/\__/_/ /_/_/  /_/\___/ 
                                    
[07-27 04:46:57]: [INFO] AuthMeReReloaded is running on Folia
[07-27 04:46:57]: [INFO] AuthMeReReloaded is enabled successfully!
[07-27 04:46:57]: [INFO] GitHub: https://github.com/HaHaWTH/AuthMeReReloaded/
[07-27 04:46:57]: [INFO] Checking for updates...
[07-27 04:46:57]: [INFO] You are running the latest version.
[07-27 04:51:06]: [INFO] AuthMe 5.7.0-FORK-b52 is unloaded successfully!
[07-27 04:51:53]: [INFO] SQLite Setup finished
[07-27 04:51:54]: [INFO] No supported permissions system found! Permissions are disabled!
[07-27 04:51:54]: [INFO] Hooked successfully into Essentials
[07-27 04:51:54]: [INFO] Essentials spawn file not found: '/home/container/plugins/Essentials/spawn.yml'
[07-27 04:51:54]: [INFO] 
    ___         __  __    __  ___   
   /   | __  __/ /_/ /_  /  |/  /__ 
  / /| |/ / / / __/ __ \/ /|_/ / _ \
 / ___ / /_/ / /_/ / / / /  / /  __/
/_/  |_\__,_/\__/_/ /_/_/  /_/\___/ 
                                    
[07-27 04:51:54]: [INFO] AuthMeReReloaded is running on Folia
[07-27 04:51:54]: [INFO] AuthMeReReloaded is enabled successfully!
[07-27 04:51:54]: [INFO] GitHub: https://github.com/HaHaWTH/AuthMeReReloaded/
[07-27 04:51:54]: [INFO] Checking for updates...
[07-27 04:51:55]: [INFO] You are running the latest version.
[07-27 04:54:48]: [INFO] AuthMe 5.7.0-FORK-b52 is unloaded successfully!
[07-27 04:55:40]: [INFO] SQLite Setup finished
[07-27 04:55:40]: [INFO] No supported permissions system found! Permissions are disabled!
[07-27 04:55:40]: [INFO] Hooked successfully into Essentials
[07-27 04:55:40]: [INFO] Essentials spawn file not found: '/home/container/plugins/Essentials/spawn.yml'
[07-27 04:55:40]: [INFO] 
    ___         __  __    __  ___   
   /   | __  __/ /_/ /_  /  |/  /__ 
  / /| |/ / / / __/ __ \/ /|_/ / _ \
 / ___ / /_/ / /_/ / / / /  / /  __/
/_/  |_\__,_/\__/_/ /_/_/  /_/\___/ 
                                    
[07-27 04:55:40]: [INFO] AuthMeReReloaded is running on Folia
[07-27 04:55:40]: [INFO] AuthMeReReloaded is enabled successfully!
[07-27 04:55:40]: [INFO] GitHub: https://github.com/HaHaWTH/AuthMeReReloaded/
[07-27 04:55:40]: [INFO] Checking for updates...
[07-27 04:55:41]: [INFO] You are running the latest version.
[07-27 05:00:42]: [INFO] AuthMe 5.7.0-FORK-b52 is unloaded successfully!
[07-27 05:01:33]: [INFO] SQLite Setup finished
[07-27 05:01:34]: [INFO] No supported permissions system found! Permissions are disabled!
[07-27 05:01:35]: [INFO] Hooked successfully into Essentials
[07-27 05:01:35]: [INFO] Essentials spawn file not found: '/home/container/plugins/Essentials/spawn.yml'
[07-27 05:01:35]: [INFO] 
    ___         __  __    __  ___   
   /   | __  __/ /_/ /_  /  |/  /__ 
  / /| |/ / / / __/ __ \/ /|_/ / _ \
 / ___ / /_/ / /_/ / / / /  / /  __/
/_/  |_\__,_/\__/_/ /_/_/  /_/\___/ 
                                    
[07-27 05:01:35]: [INFO] AuthMeReReloaded is running on Folia
[07-27 05:01:35]: [INFO] AuthMeReReloaded is enabled successfully!
[07-27 05:01:35]: [INFO] GitHub: https://github.com/HaHaWTH/AuthMeReReloaded/
[07-27 05:01:35]: [INFO] Checking for updates...
[07-27 05:01:35]: [INFO] You are running the latest version.
[07-27 05:05:17]: [INFO] AuthMe 5.7.0-FORK-b52 is unloaded successfully!
[07-27 05:06:02]: [INFO] SQLite Setup finished
[07-27 05:06:02]: [INFO] No supported permissions system found! Permissions are disabled!
[07-27 05:06:03]: [INFO] Hooked successfully into Essentials
[07-27 05:06:03]: [INFO] Essentials spawn file not found: '/home/container/plugins/Essentials/spawn.yml'
[07-27 05:06:03]: [INFO] 
    ___         __  __    __  ___   
   /   | __  __/ /_/ /_  /  |/  /__ 
  / /| |/ / / / __/ __ \/ /|_/ / _ \
 / ___ / /_/ / /_/ / / / /  / /  __/
/_/  |_\__,_/\__/_/ /_/_/  /_/\___/ 
                                    
[07-27 05:06:03]: [INFO] AuthMeReReloaded is running on Folia
[07-27 05:06:03]: [INFO] AuthMeReReloaded is enabled successfully!
[07-27 05:06:03]: [INFO] GitHub: https://github.com/HaHaWTH/AuthMeReReloaded/
[07-27 05:06:03]: [INFO] Checking for updates...
[07-27 05:06:03]: [INFO] You are running the latest version.
[07-27 05:09:04]: [INFO] AuthMe 5.7.0-FORK-b52 is unloaded successfully!
[07-27 05:09:54]: [INFO] SQLite Setup finished
[07-27 05:09:55]: [INFO] No supported permissions system found! Permissions are disabled!
[07-27 05:09:55]: [INFO] Hooked successfully into Essentials
[07-27 05:09:55]: [INFO] Essentials spawn file not found: '/home/container/plugins/Essentials/spawn.yml'
[07-27 05:09:55]: [INFO] 
    ___         __  __    __  ___   
   /   | __  __/ /_/ /_  /  |/  /__ 
  / /| |/ / / / __/ __ \/ /|_/ / _ \
 / ___ / /_/ / /_/ / / / /  / /  __/
/_/  |_\__,_/\__/_/ /_/_/  /_/\___/ 
                                    
[07-27 05:09:55]: [INFO] AuthMeReReloaded is running on Folia
[07-27 05:09:55]: [INFO] AuthMeReReloaded is enabled successfully!
[07-27 05:09:55]: [INFO] GitHub: https://github.com/HaHaWTH/AuthMeReReloaded/
[07-27 05:09:55]: [INFO] Checking for updates...
[07-27 05:09:56]: [INFO] You are running the latest version.
[07-27 05:11:46]: [INFO] AuthMe 5.7.0-FORK-b52 is unloaded successfully!
[07-27 05:12:36]: [INFO] SQLite Setup finished
[07-27 05:12:36]: [INFO] No supported permissions system found! Permissions are disabled!
[07-27 05:12:36]: [INFO] Hooked successfully into Essentials
[07-27 05:12:36]: [INFO] Essentials spawn file not found: '/home/container/plugins/Essentials/spawn.yml'
[07-27 05:12:36]: [INFO] 
    ___         __  __    __  ___   
   /   | __  __/ /_/ /_  /  |/  /__ 
  / /| |/ / / / __/ __ \/ /|_/ / _ \
 / ___ / /_/ / /_/ / / / /  / /  __/
/_/  |_\__,_/\__/_/ /_/_/  /_/\___/ 
                                    
[07-27 05:12:36]: [INFO] AuthMeReReloaded is running on Folia
[07-27 05:12:36]: [INFO] AuthMeReReloaded is enabled successfully!
[07-27 05:12:36]: [INFO] GitHub: https://github.com/HaHaWTH/AuthMeReReloaded/
[07-27 05:12:36]: [INFO] Checking for updates...
[07-27 05:12:37]: [INFO] You are running the latest version.
[07-27 05:34:37]: [INFO] AuthMe 5.7.0-FORK-b52 is unloaded successfully!
[07-27 05:35:25]: [INFO] SQLite Setup finished
[07-27 05:35:26]: [INFO] No supported permissions system found! Permissions are disabled!
[07-27 05:35:26]: [INFO] Hooked successfully into Essentials
[07-27 05:35:26]: [INFO] Essentials spawn file not found: '/home/container/plugins/Essentials/spawn.yml'
[07-27 05:35:26]: [INFO] 
    ___         __  __    __  ___   
   /   | __  __/ /_/ /_  /  |/  /__ 
  / /| |/ / / / __/ __ \/ /|_/ / _ \
 / ___ / /_/ / /_/ / / / /  / /  __/
/_/  |_\__,_/\__/_/ /_/_/  /_/\___/ 
                                    
[07-27 05:35:26]: [INFO] AuthMeReReloaded is running on Folia
[07-27 05:35:26]: [INFO] AuthMeReReloaded is enabled successfully!
[07-27 05:35:26]: [INFO] GitHub: https://github.com/HaHaWTH/AuthMeReReloaded/
[07-27 05:35:26]: [INFO] Checking for updates...
[07-27 05:35:27]: [INFO] You are running the latest version.
[07-27 05:38:03]: [INFO] AuthMe 5.7.0-FORK-b52 is unloaded successfully!
[07-27 05:38:55]: [INFO] SQLite Setup finished
[07-27 05:38:56]: [INFO] No supported permissions system found! Permissions are disabled!
[07-27 05:38:56]: [INFO] Hooked successfully into Essentials
[07-27 05:38:56]: [INFO] Essentials spawn file not found: '/home/container/plugins/Essentials/spawn.yml'
[07-27 05:38:57]: [INFO] 
    ___         __  __    __  ___   
   /   | __  __/ /_/ /_  /  |/  /__ 
  / /| |/ / / / __/ __ \/ /|_/ / _ \
 / ___ / /_/ / /_/ / / / /  / /  __/
/_/  |_\__,_/\__/_/ /_/_/  /_/\___/ 
                                    
[07-27 05:38:57]: [INFO] AuthMeReReloaded is running on Folia
[07-27 05:38:57]: [INFO] AuthMeReReloaded is enabled successfully!
[07-27 05:38:57]: [INFO] GitHub: https://github.com/HaHaWTH/AuthMeReReloaded/
[07-27 05:38:57]: [INFO] Checking for updates...
[07-27 05:38:57]: [INFO] You are running the latest version.
[07-27 05:41:14]: [INFO] AuthMe 5.7.0-FORK-b52 is unloaded successfully!
[07-27 05:42:14]: [INFO] SQLite Setup finished
[07-27 05:42:14]: [INFO] Hooked into LuckPerms!
[07-27 05:42:14]: [INFO] Hooked successfully into Essentials
[07-27 05:42:14]: [INFO] Essentials spawn file not found: '/home/container/plugins/Essentials/spawn.yml'
[07-27 05:42:15]: [INFO] 
    ___         __  __    __  ___   
   /   | __  __/ /_/ /_  /  |/  /__ 
  / /| |/ / / / __/ __ \/ /|_/ / _ \
 / ___ / /_/ / /_/ / / / /  / /  __/
/_/  |_\__,_/\__/_/ /_/_/  /_/\___/ 
                                    
[07-27 05:42:15]: [INFO] AuthMeReReloaded is running on Folia
[07-27 05:42:15]: [INFO] AuthMeReReloaded is enabled successfully!
[07-27 05:42:15]: [INFO] GitHub: https://github.com/HaHaWTH/AuthMeReReloaded/
[07-27 05:42:15]: [INFO] Checking for updates...
[07-27 05:42:16]: [INFO] You are running the latest version.
[07-27 06:24:19]: [INFO] AuthMe 5.7.0-FORK-b52 is unloaded successfully!
[07-27 06:25:10]: [INFO] SQLite Setup finished
[07-27 06:25:10]: [INFO] Hooked into LuckPerms!
[07-27 06:25:10]: [INFO] Hooked successfully into Essentials
[07-27 06:25:10]: [INFO] Essentials spawn file not found: '/home/container/plugins/Essentials/spawn.yml'
[07-27 06:25:11]: [INFO] 
    ___         __  __    __  ___   
   /   | __  __/ /_/ /_  /  |/  /__ 
  / /| |/ / / / __/ __ \/ /|_/ / _ \
 / ___ / /_/ / /_/ / / / /  / /  __/
/_/  |_\__,_/\__/_/ /_/_/  /_/\___/ 
                                    
[07-27 06:25:11]: [INFO] AuthMeReReloaded is running on Folia
[07-27 06:25:11]: [INFO] AuthMeReReloaded is enabled successfully!
[07-27 06:25:11]: [INFO] GitHub: https://github.com/HaHaWTH/AuthMeReReloaded/
[07-27 06:25:11]: [INFO] Checking for updates...
[07-27 06:25:11]: [INFO] You are running the latest version.
[07-27 06:30:50]: [INFO] AuthMe 5.7.0-FORK-b52 is unloaded successfully!
[07-27 06:31:38]: [INFO] SQLite Setup finished
[07-27 06:31:38]: [INFO] Hooked into LuckPerms!
[07-27 06:31:39]: [INFO] Hooked successfully into Essentials
[07-27 06:31:39]: [INFO] Essentials spawn file not found: '/home/container/plugins/Essentials/spawn.yml'
[07-27 06:31:40]: [INFO] 
    ___         __  __    __  ___   
   /   | __  __/ /_/ /_  /  |/  /__ 
  / /| |/ / / / __/ __ \/ /|_/ / _ \
 / ___ / /_/ / /_/ / / / /  / /  __/
/_/  |_\__,_/\__/_/ /_/_/  /_/\___/ 
                                    
[07-27 06:31:40]: [INFO] AuthMeReReloaded is running on Folia
[07-27 06:31:40]: [INFO] AuthMeReReloaded is enabled successfully!
[07-27 06:31:40]: [INFO] GitHub: https://github.com/HaHaWTH/AuthMeReReloaded/
[07-27 06:31:40]: [INFO] Checking for updates...
[07-27 06:31:40]: [INFO] You are running the latest version.
[07-27 06:32:40]: [INFO] AuthMe 5.7.0-FORK-b52 is unloaded successfully!
[07-27 06:33:34]: [INFO] SQLite Setup finished
[07-27 06:33:35]: [INFO] Hooked into LuckPerms!
[07-27 06:33:35]: [INFO] Hooked successfully into Essentials
[07-27 06:33:35]: [INFO] Essentials spawn file not found: '/home/container/plugins/Essentials/spawn.yml'
[07-27 06:33:36]: [INFO] 
    ___         __  __    __  ___   
   /   | __  __/ /_/ /_  /  |/  /__ 
  / /| |/ / / / __/ __ \/ /|_/ / _ \
 / ___ / /_/ / /_/ / / / /  / /  __/
/_/  |_\__,_/\__/_/ /_/_/  /_/\___/ 
                                    
[07-27 06:33:36]: [INFO] AuthMeReReloaded is running on Folia
[07-27 06:33:36]: [INFO] AuthMeReReloaded is enabled successfully!
[07-27 06:33:36]: [INFO] GitHub: https://github.com/HaHaWTH/AuthMeReReloaded/
[07-27 06:33:36]: [INFO] Checking for updates...
[07-27 06:33:36]: [INFO] You are running the latest version.
[07-27 06:34:46]: [INFO] AuthMe 5.7.0-FORK-b52 is unloaded successfully!
[07-27 06:35:40]: [INFO] SQLite Setup finished
[07-27 06:35:41]: [INFO] Hooked into LuckPerms!
[07-27 06:35:41]: [INFO] Hooked successfully into Essentials
[07-27 06:35:41]: [INFO] Essentials spawn file not found: '/home/container/plugins/Essentials/spawn.yml'
[07-27 06:35:42]: [INFO] 
    ___         __  __    __  ___   
   /   | __  __/ /_/ /_  /  |/  /__ 
  / /| |/ / / / __/ __ \/ /|_/ / _ \
 / ___ / /_/ / /_/ / / / /  / /  __/
/_/  |_\__,_/\__/_/ /_/_/  /_/\___/ 
                                    
[07-27 06:35:42]: [INFO] AuthMeReReloaded is running on Folia
[07-27 06:35:42]: [INFO] AuthMeReReloaded is enabled successfully!
[07-27 06:35:42]: [INFO] GitHub: https://github.com/HaHaWTH/AuthMeReReloaded/
[07-27 06:35:42]: [INFO] Checking for updates...
[07-27 06:35:42]: [INFO] You are running the latest version.
[07-27 06:38:44]: [INFO] SQLite Setup finished
[07-27 06:38:44]: [WARN] Failed to compile pattern '*' - defaulting to allowing everything
[07-27 06:38:44]: [INFO] Unhooked from Permissions!
[07-27 06:38:44]: [INFO] Hooked into LuckPerms!
[07-27 06:38:44]: [INFO] Essentials spawn file not found: '/home/container/plugins/Essentials/spawn.yml'
[07-27 06:38:44]: [WARN] WARNING! The protectInventory feature requires ProtocolLib! Disabling it...
[07-27 06:40:55]: [INFO] AuthMe 5.7.0-FORK-b52 is unloaded successfully!
[07-27 06:41:52]: [INFO] SQLite Setup finished
[07-27 06:41:53]: [INFO] Hooked into LuckPerms!
[07-27 06:41:53]: [INFO] Hooked successfully into Essentials
[07-27 06:41:53]: [INFO] Essentials spawn file not found: '/home/container/plugins/Essentials/spawn.yml'
[07-27 06:41:53]: [WARN] WARNING! The protectInventory feature requires ProtocolLib! Disabling it...
[07-27 06:41:53]: [WARN] Failed to compile pattern '*' - defaulting to allowing everything
[07-27 06:41:53]: [INFO] 
    ___         __  __    __  ___   
   /   | __  __/ /_/ /_  /  |/  /__ 
  / /| |/ / / / __/ __ \/ /|_/ / _ \
 / ___ / /_/ / /_/ / / / /  / /  __/
/_/  |_\__,_/\__/_/ /_/_/  /_/\___/ 
                                    
[07-27 06:41:53]: [INFO] AuthMeReReloaded is running on Folia
[07-27 06:41:53]: [INFO] AuthMeReReloaded is enabled successfully!
[07-27 06:41:53]: [INFO] GitHub: https://github.com/HaHaWTH/AuthMeReReloaded/
[07-27 06:41:53]: [INFO] Checking for updates...
[07-27 06:41:53]: [INFO] You are running the latest version.
[07-27 07:03:21]: [INFO] AuthMe 5.7.0-FORK-b52 is unloaded successfully!
[07-27 07:04:25]: [INFO] SQLite Setup finished
[07-27 07:04:25]: [INFO] Hooked into LuckPerms!
[07-27 07:04:26]: [INFO] Hooked successfully into Essentials
[07-27 07:04:26]: [INFO] Essentials spawn file not found: '/home/container/plugins/Essentials/spawn.yml'
[07-27 07:04:26]: [WARN] WARNING! The protectInventory feature requires ProtocolLib! Disabling it...
[07-27 07:04:26]: [WARN] Failed to compile pattern '*' - defaulting to allowing everything
[07-27 07:04:26]: [INFO] 
    ___         __  __    __  ___   
   /   | __  __/ /_/ /_  /  |/  /__ 
  / /| |/ / / / __/ __ \/ /|_/ / _ \
 / ___ / /_/ / /_/ / / / /  / /  __/
/_/  |_\__,_/\__/_/ /_/_/  /_/\___/ 
                                    
[07-27 07:04:26]: [INFO] AuthMeReReloaded is running on Folia
[07-27 07:04:26]: [INFO] AuthMeReReloaded is enabled successfully!
[07-27 07:04:26]: [INFO] GitHub: https://github.com/HaHaWTH/AuthMeReReloaded/
[07-27 07:04:26]: [INFO] Checking for updates...
[07-27 07:04:27]: [INFO] You are running the latest version.
[07-27 07:06:32]: [INFO] AuthMe 5.7.0-FORK-b52 is unloaded successfully!
[07-27 07:07:48]: [INFO] SQLite Setup finished
[07-27 07:07:49]: [INFO] Hooked into LuckPerms!
[07-27 07:07:49]: [INFO] Hooked successfully into Essentials
[07-27 07:07:49]: [INFO] Essentials spawn file not found: '/home/container/plugins/Essentials/spawn.yml'
[07-27 07:07:49]: [WARN] WARNING! The protectInventory feature requires ProtocolLib! Disabling it...
[07-27 07:07:49]: [WARN] Failed to compile pattern '*' - defaulting to allowing everything
[07-27 07:07:49]: [INFO] 
    ___         __  __    __  ___   
   /   | __  __/ /_/ /_  /  |/  /__ 
  / /| |/ / / / __/ __ \/ /|_/ / _ \
 / ___ / /_/ / /_/ / / / /  / /  __/
/_/  |_\__,_/\__/_/ /_/_/  /_/\___/ 
                                    
[07-27 07:07:49]: [INFO] AuthMeReReloaded is running on Folia
[07-27 07:07:49]: [INFO] AuthMeReReloaded is enabled successfully!
[07-27 07:07:49]: [INFO] GitHub: https://github.com/HaHaWTH/AuthMeReReloaded/
[07-27 07:07:49]: [INFO] Checking for updates...
[07-27 07:07:50]: [INFO] You are running the latest version.
[07-27 07:15:54]: [INFO:FINE] Inyrin logged in 14.191.237.159
[07-27 07:15:54]: [INFO:FINE] Inyrin registered 14.191.237.159
[07-27 07:21:27]: [INFO] AuthMe 5.7.0-FORK-b52 is unloaded successfully!
[07-27 07:22:33]: [INFO] SQLite Setup finished
[07-27 07:22:33]: [INFO] Hooked into LuckPerms!
[07-27 07:22:33]: [INFO] Hooked successfully into Essentials
[07-27 07:22:33]: [INFO] Essentials spawn file not found: '/home/container/plugins/Essentials/spawn.yml'
[07-27 07:22:33]: [WARN] WARNING! The protectInventory feature requires ProtocolLib! Disabling it...
[07-27 07:22:34]: [WARN] Failed to compile pattern '*' - defaulting to allowing everything
[07-27 07:22:34]: [INFO] 
    ___         __  __    __  ___   
   /   | __  __/ /_/ /_  /  |/  /__ 
  / /| |/ / / / __/ __ \/ /|_/ / _ \
 / ___ / /_/ / /_/ / / / /  / /  __/
/_/  |_\__,_/\__/_/ /_/_/  /_/\___/ 
                                    
[07-27 07:22:34]: [INFO] AuthMeReReloaded is running on Folia
[07-27 07:22:34]: [INFO] AuthMeReReloaded is enabled successfully!
[07-27 07:22:34]: [INFO] GitHub: https://github.com/HaHaWTH/AuthMeReReloaded/
[07-27 07:22:34]: [INFO] Checking for updates...
[07-27 07:22:34]: [INFO] You are running the latest version.
[07-27 07:23:14]: [INFO:FINE] Inyrin logged in 14.191.237.159
[07-27 07:30:52]: [INFO] AuthMe 5.7.0-FORK-b52 is unloaded successfully!
[07-27 07:41:11]: [INFO] SQLite Setup finished
[07-27 07:41:12]: [INFO] Hooked into LuckPerms!
[07-27 07:41:12]: [INFO] Hooked successfully into Essentials
[07-27 07:41:12]: [INFO] Essentials spawn file not found: '/home/container/plugins/Essentials/spawn.yml'
[07-27 07:41:12]: [WARN] WARNING! The protectInventory feature requires ProtocolLib! Disabling it...
[07-27 07:41:12]: [WARN] Failed to compile pattern '*' - defaulting to allowing everything
[07-27 07:41:12]: [WARN] Note: Hooks.bungeecord is set to false but your server appears to be running in bungeecord mode (see your spigot.yml). In order to allow the datasource caching and the AuthMeBungee add-on to work properly you have to enable this option!
[07-27 07:41:12]: [INFO] 
    ___         __  __    __  ___   
   /   | __  __/ /_/ /_  /  |/  /__ 
  / /| |/ / / / __/ __ \/ /|_/ / _ \
 / ___ / /_/ / /_/ / / / /  / /  __/
/_/  |_\__,_/\__/_/ /_/_/  /_/\___/ 
                                    
[07-27 07:41:12]: [INFO] AuthMeReReloaded is running on Folia
[07-27 07:41:12]: [INFO] AuthMeReReloaded is enabled successfully!
[07-27 07:41:12]: [INFO] GitHub: https://github.com/HaHaWTH/AuthMeReReloaded/
[07-27 07:41:12]: [INFO] Checking for updates...
[07-27 07:41:13]: [INFO] You are running the latest version.
[07-27 07:52:16]: [INFO] AuthMe 5.7.0-FORK-b52 is unloaded successfully!
[07-27 07:53:38]: [INFO] SQLite Setup finished
[07-27 07:53:38]: [INFO] Hooked into LuckPerms!
[07-27 07:53:38]: [INFO] Hooked successfully into Essentials
[07-27 07:53:38]: [INFO] Essentials spawn file not found: '/home/container/plugins/Essentials/spawn.yml'
[07-27 07:53:38]: [WARN] WARNING! The protectInventory feature requires ProtocolLib! Disabling it...
[07-27 07:53:38]: [WARN] Failed to compile pattern '*' - defaulting to allowing everything
[07-27 07:53:39]: [INFO] 
    ___         __  __    __  ___   
   /   | __  __/ /_/ /_  /  |/  /__ 
  / /| |/ / / / __/ __ \/ /|_/ / _ \
 / ___ / /_/ / /_/ / / / /  / /  __/
/_/  |_\__,_/\__/_/ /_/_/  /_/\___/ 
                                    
[07-27 07:53:39]: [INFO] AuthMeReReloaded is running on Folia
[07-27 07:53:39]: [INFO] AuthMeReReloaded is enabled successfully!
[07-27 07:53:39]: [INFO] GitHub: https://github.com/HaHaWTH/AuthMeReReloaded/
[07-27 07:53:39]: [INFO] Checking for updates...
[07-27 07:53:39]: [INFO] You are running the latest version.
[07-27 10:53:37]: [INFO:FINE] .Novara2504 logged in 23.150.152.38
[07-27 10:53:37]: [INFO:FINE] .Novara2504 registered 23.150.152.38
[07-27 11:41:49]: [INFO:FINE] Sintune registered 42.118.42.143
[07-27 11:43:58]: [INFO:FINE] Sintune logged in 42.118.42.143
[07-27 12:28:54]: [INFO:FINE] Inyrin logged in 14.191.237.159
[07-27 12:31:33]: [INFO:FINE] .Novara2504 logged in 23.150.152.38
[07-27 12:39:46]: [INFO] AuthMe 5.7.0-FORK-b52 is unloaded successfully!
[07-27 12:41:13]: [INFO] SQLite Setup finished
[07-27 12:41:14]: [INFO] Hooked into LuckPerms!
[07-27 12:41:14]: [INFO] Hooked successfully into Essentials
[07-27 12:41:14]: [INFO] Essentials spawn file not found: '/home/container/plugins/Essentials/spawn.yml'
[07-27 12:41:14]: [WARN] WARNING! The protectInventory feature requires ProtocolLib! Disabling it...
[07-27 12:41:14]: [WARN] Failed to compile pattern '*' - defaulting to allowing everything
[07-27 12:41:15]: [INFO] 
    ___         __  __    __  ___   
   /   | __  __/ /_/ /_  /  |/  /__ 
  / /| |/ / / / __/ __ \/ /|_/ / _ \
 / ___ / /_/ / /_/ / / / /  / /  __/
/_/  |_\__,_/\__/_/ /_/_/  /_/\___/ 
                                    
[07-27 12:41:15]: [INFO] AuthMeReReloaded is running on Folia
[07-27 12:41:15]: [INFO] AuthMeReReloaded is enabled successfully!
[07-27 12:41:15]: [INFO] GitHub: https://github.com/HaHaWTH/AuthMeReReloaded/
[07-27 12:41:15]: [INFO] Checking for updates...
[07-27 12:41:15]: [INFO] You are running the latest version.
[07-27 12:45:42]: [INFO:FINE] .Elaina6665133 logged in 171.251.235.114
[07-27 12:45:42]: [INFO:FINE] .Elaina6665133 registered 171.251.235.114
[07-27 12:50:12]: [INFO:FINE] Sintune logged in 42.118.42.143
[07-27 12:50:32]: [INFO:FINE] .Novara2504 logged in 23.150.152.38
[07-27 13:01:27]: [INFO:FINE] .Elaina6665133 logged in 171.251.235.114
[07-27 13:05:57]: [INFO:FINE] .Elaina6665133 logged in 171.251.235.114
[07-27 13:06:13]: [INFO:FINE] Sintune logged in 42.118.42.143
[07-27 13:08:46]: [INFO:FINE] .Novara2504 logged in 58.187.21.165
[07-27 13:10:18]: [INFO:FINE] Sintune logged in 42.118.42.143
[07-27 13:17:56]: [INFO:FINE] .Sintune_Yuki registered 42.118.42.143
[07-27 13:20:04]: [INFO:FINE] .Sintune_Yuki used the wrong password
[07-27 13:20:28]: [INFO:FINE] .Sintune_Yuki used the wrong password
[07-27 13:20:52]: [INFO:FINE] .Sintune_Yuki used the wrong password
[07-27 13:52:51]: [INFO:FINE] Sintune logged in 42.118.42.143
[07-27 14:27:34]: [INFO:FINE] .Elaina6665133 logged in 171.251.235.114
[07-27 14:52:49]: [INFO:FINE] .Elaina6665133 logged in 171.251.235.114
[07-27 14:57:28]: [INFO:FINE] .Novara2504 logged in 58.187.21.165
[07-27 15:34:56]: [INFO:FINE] .Novara2504 logged in 58.187.21.165
[07-27 15:47:18]: [INFO:FINE] kamikazeshin registered 116.99.252.137
[07-27 15:47:25]: [INFO:FINE] kamikazeshin logged in 116.99.252.137
[07-27 15:47:28]: [INFO:FINE] Tachiga registered 42.115.196.228
[07-27 15:48:51]: [INFO:FINE] Tachiga logged in 42.115.196.228
[07-27 16:08:17]: [INFO:FINE] .Novara2504 logged in 58.187.21.165
[07-27 16:39:12]: [INFO:FINE] Inyrin logged in 14.191.237.159
[07-27 16:40:47]: [INFO:FINE] Inyrin logged in 14.191.237.159
[07-27 16:42:23]: [INFO:FINE] Inyrin logged in 14.191.237.159
[07-27 22:29:25]: [INFO:FINE] .Sintune_Yuki used the wrong password
[07-28 00:15:22]: [INFO:FINE] Sintune logged in 42.118.42.143
[07-28 00:17:48]: [INFO:FINE] Sintune logged in 42.118.42.143
[07-28 00:30:48]: [INFO:FINE] .Novara2504 logged in 58.187.21.165
[07-28 01:48:24]: [INFO:FINE] .Novara2504 logged in 58.187.21.165
[07-28 02:53:26]: [INFO:FINE] Tachiga logged in 42.116.206.153
[07-28 02:57:51]: [INFO:FINE] Sintune logged in 42.118.42.143
[07-28 03:08:34]: [INFO:FINE] .Elaina6665133 logged in 171.251.235.114
[07-28 03:13:33]: [INFO:FINE] Tachiga logged in 42.116.206.153
[07-28 03:14:07]: [INFO:FINE] .Novara2504 logged in 58.187.21.165
[07-28 03:15:07]: [INFO:FINE] .Elaina6665133 logged in 171.251.235.114
[07-28 03:17:33]: [INFO:FINE] .Elaina6665133 logged in 171.251.235.114
[07-28 03:45:45]: [INFO:FINE] .LenKagune456169 registered 171.243.58.201
[07-28 04:56:32]: [INFO:FINE] .Novara2504 logged in 58.187.21.165
[07-28 05:18:06]: [INFO:FINE] Tachiga logged in 42.116.206.153
[07-28 05:33:39]: [INFO:FINE] .Elaina6665133 logged in 171.251.235.114
[07-28 05:36:52]: [INFO:FINE] RimokatoRei registered 42.113.155.78
[07-28 05:40:26]: [INFO:FINE] RimokatoRei logged in 42.113.155.78
[07-28 06:33:06]: [INFO:FINE] Tachiga logged in 42.116.206.153
[07-28 06:37:43]: [INFO:FINE] Sintune logged in 42.118.42.143
[07-28 06:52:22]: [INFO:FINE] Tachiga logged in 42.116.206.153
[07-28 07:29:17]: [INFO:FINE] .Novara2504 logged in 58.187.21.165
[07-28 07:30:49]: [INFO] AuthMe 5.7.0-FORK-b52 is unloaded successfully!
[07-28 07:31:58]: [INFO] SQLite Setup finished
[07-28 07:31:59]: [INFO] Hooked into LuckPerms!
[07-28 07:31:59]: [INFO] Hooked successfully into Essentials
[07-28 07:31:59]: [INFO] Essentials spawn file not found: '/home/container/plugins/Essentials/spawn.yml'
[07-28 07:31:59]: [WARN] WARNING! The protectInventory feature requires ProtocolLib! Disabling it...
[07-28 07:31:59]: [WARN] Failed to compile pattern '*' - defaulting to allowing everything
[07-28 07:31:59]: [INFO] 
    ___         __  __    __  ___   
   /   | __  __/ /_/ /_  /  |/  /__ 
  / /| |/ / / / __/ __ \/ /|_/ / _ \
 / ___ / /_/ / /_/ / / / /  / /  __/
/_/  |_\__,_/\__/_/ /_/_/  /_/\___/ 
                                    
[07-28 07:31:59]: [INFO] AuthMeReReloaded is running on Folia
[07-28 07:31:59]: [INFO] AuthMeReReloaded is enabled successfully!
[07-28 07:31:59]: [INFO] GitHub: https://github.com/HaHaWTH/AuthMeReReloaded/
[07-28 07:31:59]: [INFO] Checking for updates...
[07-28 07:32:00]: [INFO] You are running the latest version.
[07-28 07:32:09]: [INFO:FINE] Tachiga logged in 42.116.206.153
[07-28 07:32:30]: [INFO:FINE] .Novara2504 logged in 58.187.21.165
[07-28 10:22:09]: [INFO] AuthMe 5.7.0-FORK-b52 is unloaded successfully!
[07-28 10:23:44]: [INFO] SQLite Setup finished
[07-28 10:23:44]: [INFO] Hooked into LuckPerms!
[07-28 10:23:45]: [INFO] Hooked successfully into Essentials
[07-28 10:23:45]: [INFO] Essentials spawn file not found: '/home/container/plugins/Essentials/spawn.yml'
[07-28 10:23:45]: [WARN] WARNING! The protectInventory feature requires ProtocolLib! Disabling it...
[07-28 10:23:45]: [WARN] Failed to compile pattern '*' - defaulting to allowing everything
[07-28 10:23:45]: [INFO] 
    ___         __  __    __  ___   
   /   | __  __/ /_/ /_  /  |/  /__ 
  / /| |/ / / / __/ __ \/ /|_/ / _ \
 / ___ / /_/ / /_/ / / / /  / /  __/
/_/  |_\__,_/\__/_/ /_/_/  /_/\___/ 
                                    
[07-28 10:23:45]: [INFO] AuthMeReReloaded is running on Folia
[07-28 10:23:45]: [INFO] AuthMeReReloaded is enabled successfully!
[07-28 10:23:45]: [INFO] GitHub: https://github.com/HaHaWTH/AuthMeReReloaded/
[07-28 10:23:45]: [INFO] Checking for updates...
[07-28 10:23:46]: [INFO] You are running the latest version.
[07-28 10:25:16]: [INFO] AuthMe 5.7.0-FORK-b52 is unloaded successfully!
[07-28 10:26:42]: [INFO] SQLite Setup finished
[07-28 10:26:42]: [INFO] Hooked into LuckPerms!
[07-28 10:26:42]: [INFO] Hooked successfully into Essentials
[07-28 10:26:42]: [INFO] Hooked successfully into PlaceholderAPI
[07-28 10:26:42]: [INFO] Essentials spawn file not found: '/home/container/plugins/Essentials/spawn.yml'
[07-28 10:26:42]: [WARN] WARNING! The protectInventory feature requires ProtocolLib! Disabling it...
[07-28 10:26:43]: [WARN] Failed to compile pattern '*' - defaulting to allowing everything
[07-28 10:26:43]: [INFO] 
    ___         __  __    __  ___   
   /   | __  __/ /_/ /_  /  |/  /__ 
  / /| |/ / / / __/ __ \/ /|_/ / _ \
 / ___ / /_/ / /_/ / / / /  / /  __/
/_/  |_\__,_/\__/_/ /_/_/  /_/\___/ 
                                    
[07-28 10:26:43]: [INFO] AuthMeReReloaded is running on Folia
[07-28 10:26:43]: [INFO] AuthMeReReloaded is enabled successfully!
[07-28 10:26:43]: [INFO] GitHub: https://github.com/HaHaWTH/AuthMeReReloaded/
[07-28 10:26:43]: [INFO] Checking for updates...
[07-28 10:26:43]: [INFO] You are running the latest version.
[07-28 10:30:37]: [INFO:FINE] cwp1dd logged in 14.177.149.162
[07-28 10:30:37]: [INFO:FINE] cwp1dd registered 14.177.149.162
[07-28 11:34:54]: [INFO] AuthMe 5.7.0-FORK-b52 is unloaded successfully!
[07-28 11:36:16]: [INFO] SQLite Setup finished
[07-28 11:36:17]: [INFO] Hooked into LuckPerms!
[07-28 11:36:17]: [INFO] Hooked successfully into Essentials
[07-28 11:36:17]: [INFO] Hooked successfully into PlaceholderAPI
[07-28 11:36:17]: [INFO] Essentials spawn file not found: '/home/container/plugins/Essentials/spawn.yml'
[07-28 11:36:17]: [WARN] Failed to compile pattern '*' - defaulting to allowing everything
[07-28 11:36:17]: [INFO] 
    ___         __  __    __  ___   
   /   | __  __/ /_/ /_  /  |/  /__ 
  / /| |/ / / / __/ __ \/ /|_/ / _ \
 / ___ / /_/ / /_/ / / / /  / /  __/
/_/  |_\__,_/\__/_/ /_/_/  /_/\___/ 
                                    
[07-28 11:36:17]: [INFO] AuthMeReReloaded is running on Folia
[07-28 11:36:17]: [INFO] AuthMeReReloaded is enabled successfully!
[07-28 11:36:17]: [INFO] GitHub: https://github.com/HaHaWTH/AuthMeReReloaded/
[07-28 11:36:17]: [INFO] Checking for updates...
[07-28 11:36:17]: [INFO] You are running the latest version.
[07-28 11:46:17]: [INFO:FINE] .Novara2504 logged in 58.187.21.165
[07-28 11:54:12]: [INFO:FINE] .Novara2504 logged in 58.187.21.165
[07-28 12:25:46]: [INFO:FINE] .Novara2504 logged in 58.187.21.165
[07-28 12:28:26]: [INFO:FINE] .Novara2504 logged in 58.187.21.165
[07-28 12:29:32]: [INFO:FINE] Sintune logged in 42.118.42.143
[07-28 12:30:38]: [INFO:FINE] .Novara2504 logged in 58.187.21.165
[07-28 12:47:06]: [INFO:FINE] RimokatoRei logged in 42.113.155.29
[07-28 12:51:06]: [INFO:FINE] Sintune logged in 42.118.42.143
[07-28 13:02:28]: [INFO:FINE] Sintune logged in 42.118.42.143
[07-28 13:05:28]: [INFO:FINE] tanklesscamp658 logged in 113.185.46.83
[07-28 13:05:28]: [INFO:FINE] tanklesscamp658 registered 113.185.46.83
[07-28 13:08:21]: [INFO:FINE] bigamo registered 14.229.104.220
[07-28 13:08:34]: [INFO:FINE] bigamo logged in 14.229.104.220
[07-28 13:11:25]: [INFO:FINE] .Elaina6665133 logged in 171.251.235.114
[07-28 13:15:44]: [INFO:FINE] tanklesscamp658 logged in 113.185.46.83
[07-28 13:21:14]: [INFO:FINE] .Novara2504 logged in 58.187.21.165
[07-28 13:21:27]: [INFO:FINE] cwp1dd logged in 14.177.149.162
[07-28 13:23:03]: [INFO:FINE] RimokatoRei logged in 42.113.155.29
[07-28 13:24:13]: [INFO:FINE] tanklesscamp658 logged in 113.185.46.83
[07-28 13:27:36]: [INFO:FINE] RimokatoRei logged in 42.113.155.29
[07-28 13:38:36]: [INFO:FINE] Inyrin logged in 14.191.237.159
[07-28 13:50:42]: [INFO:FINE] Inyrin logged in 14.191.237.159
[07-28 13:57:21]: [INFO] AuthMe 5.7.0-FORK-b52 is unloaded successfully!
[07-28 13:58:50]: [INFO] SQLite Setup finished
[07-28 13:58:50]: [INFO] Hooked into LuckPerms!
[07-28 13:58:51]: [INFO] Hooked successfully into Essentials
[07-28 13:58:51]: [INFO] Hooked successfully into PlaceholderAPI
[07-28 13:58:51]: [INFO] Essentials spawn file not found: '/home/container/plugins/Essentials/spawn.yml'
[07-28 13:58:51]: [WARN] Failed to compile pattern '*' - defaulting to allowing everything
[07-28 13:58:51]: [INFO] 
    ___         __  __    __  ___   
   /   | __  __/ /_/ /_  /  |/  /__ 
  / /| |/ / / / __/ __ \/ /|_/ / _ \
 / ___ / /_/ / /_/ / / / /  / /  __/
/_/  |_\__,_/\__/_/ /_/_/  /_/\___/ 
                                    
[07-28 13:58:51]: [INFO] AuthMeReReloaded is running on Folia
[07-28 13:58:51]: [INFO] AuthMeReReloaded is enabled successfully!
[07-28 13:58:51]: [INFO] GitHub: https://github.com/HaHaWTH/AuthMeReReloaded/
[07-28 13:58:51]: [INFO] Checking for updates...
[07-28 13:58:51]: [INFO] You are running the latest version.
[07-28 13:59:28]: [INFO:FINE] RimokatoRei logged in 42.113.155.29
[07-28 14:00:27]: [INFO:FINE] tanklesscamp658 logged in 113.185.46.83
[07-28 14:01:06]: [INFO:FINE] Inyrin logged in 14.191.237.159
[07-28 14:02:45]: [INFO:FINE] .Elaina6665133 logged in 171.251.235.114
[07-28 14:04:50]: [INFO:FINE] .Novara2504 logged in 58.187.21.165
[07-28 14:16:07]: [INFO:FINE] Tachiga logged in 42.116.206.153
[07-28 14:22:36]: [INFO:FINE] Inyrin logged in 14.191.237.159
[07-28 14:28:36]: [INFO] Unhooked from Permissions!
[07-28 14:28:36]: [INFO] Hooked into LuckPerms!
[07-28 14:28:36]: [INFO] Essentials spawn file not found: '/home/container/plugins/Essentials/spawn.yml'
[07-28 14:28:36]: [INFO] SQLite Setup finished
[07-28 14:28:36]: [WARN] Failed to compile pattern '*' - defaulting to allowing everything
[07-28 15:00:36]: [INFO:FINE] Tachiga logged in 42.116.206.153
[07-28 15:00:55]: [INFO:FINE] ducdaydmm logged in 116.98.244.4
[07-28 15:00:55]: [INFO:FINE] ducdaydmm registered 116.98.244.4
[07-28 15:12:55]: [INFO:FINE] .Elaina6665133 logged in 171.251.235.114
[07-28 15:13:16]: [INFO:FINE] .Novara2504 logged in 58.187.21.165
[07-28 15:24:04]: [INFO:FINE] Pieck_68 registered 58.187.57.59
[07-28 15:24:18]: [INFO:FINE] Pieck_68 logged in 58.187.57.59
[07-28 16:09:22]: [INFO:FINE] ducdaydmm logged in 116.98.244.4
[07-28 23:57:50]: [INFO:FINE] .Novara2504 logged in 58.187.21.165
[07-29 00:09:55]: [INFO:FINE] Pier_tan79 registered 115.76.51.56
[07-29 00:10:10]: [INFO:FINE] Pier_tan79 logged in 115.76.51.56
[07-29 00:36:18]: [INFO:FINE] .Novara2504 logged in 58.187.21.165
[07-29 01:50:57]: [INFO:FINE] .Novara2504 logged in 58.187.21.165
[07-29 02:18:15]: [INFO:FINE] AkitoshiKari registered 171.234.14.114
[07-29 02:18:27]: [INFO:FINE] AkitoshiKari logged in 171.234.14.114
[07-29 02:27:19]: [INFO:FINE] .Novara2504 logged in 58.187.21.165
[07-29 02:30:03]: [INFO:FINE] AkitoshiKari logged in 171.234.14.114
[07-29 02:30:40]: [INFO:FINE] .Novara2504 logged in 58.187.21.165
[07-29 03:43:55]: [INFO:FINE] .Elaina6665133 logged in 171.251.235.114
[07-29 03:59:35]: [INFO:FINE] Tachiga logged in 42.114.35.116
[07-29 04:34:51]: [INFO:FINE] .Novara2504 logged in 58.187.21.165
[07-29 04:35:35]: [INFO:FINE] .Novara2504 logged in 58.187.21.165
[07-29 04:48:20]: [INFO:FINE] .Novara2504 logged in 58.187.21.165
[07-29 04:50:50]: [INFO:FINE] .Novara2504 logged in 58.187.21.165
[07-29 04:55:49]: [INFO:FINE] .Elaina6665133 logged in 171.251.235.114
[07-29 04:55:50]: [INFO:FINE] .Novara2504 logged in 58.187.21.165
[07-29 04:59:51]: [INFO:FINE] .Novara2504 logged in 58.187.21.165
[07-29 05:06:30]: [INFO:FINE] Tachiga logged in 42.114.35.116
[07-29 05:24:52]: [INFO:FINE] ducdaydmm logged in 104.28.222.75
[07-29 05:27:30]: [INFO:FINE] ducdaydmm logged in 104.28.222.75
[07-29 06:11:03]: [INFO:FINE] LuCorn126 registered 14.191.70.60
[07-29 06:11:09]: [INFO:FINE] LuCorn126 logged in 14.191.70.60
[07-29 06:31:58]: [INFO:FINE] Sintune logged in 42.118.42.143
[07-29 06:39:44]: [INFO:FINE] DucQuocXa1 registered 14.163.109.71
[07-29 06:40:31]: [INFO:FINE] DucQuocXa1 logged in 14.163.109.71
[07-29 06:41:09]: [INFO:FINE] Enkor_Pieck registered 58.187.57.59
[07-29 06:41:32]: [INFO:FINE] The user Enkor_Pieck has 2 accounts:
[07-29 06:41:32]: [INFO:FINE] §7pieck_68, §aEnkor_Pieck§7.
[07-29 06:41:32]: [INFO:FINE] Enkor_Pieck logged in 58.187.57.59
[07-29 06:43:17]: [INFO:FINE] noir registered 59.153.248.171
[07-29 06:44:01]: [INFO:FINE] noir logged in 59.153.248.171
[07-29 06:46:08]: [INFO:FINE] .phongngu34 registered 27.70.185.33
[07-29 06:47:12]: [INFO:FINE] .phongngu34 logged in 27.70.185.33
[07-29 06:50:53]: [INFO:FINE] noir logged in 59.153.248.171
[07-29 06:55:20]: [INFO:FINE] DucQuocXa2 registered 14.163.109.71
[07-29 06:55:27]: [INFO:FINE] The user DucQuocXa2 has 2 accounts:
[07-29 06:55:27]: [INFO:FINE] §7ducquocxa1, §aDucQuocXa2§7.
[07-29 06:55:27]: [INFO:FINE] DucQuocXa2 logged in 14.163.109.71
[07-29 07:05:35]: [INFO:FINE] phongngu34 registered 27.70.185.33
[07-29 07:05:52]: [INFO:FINE] The user phongngu34 has 2 accounts:
[07-29 07:05:52]: [INFO:FINE] §7.phongngu34, §aphongngu34§7.
[07-29 07:05:52]: [INFO:FINE] phongngu34 logged in 27.70.185.33
[07-29 07:11:30]: [INFO:FINE] Inyrin logged in 14.191.237.159
[07-29 07:12:08]: [INFO:FINE] BrSmoky registered 14.163.109.71
[07-29 07:12:18]: [INFO:FINE] The user BrSmoky has 3 accounts:
[07-29 07:12:18]: [INFO:FINE] §7ducquocxa1, ducquocxa2, §aBrSmoky§7.
[07-29 07:12:18]: [INFO:FINE] BrSmoky logged in 14.163.109.71
[07-29 07:28:03]: [INFO:FINE] The user Enkor_Pieck has 2 accounts:
[07-29 07:28:03]: [INFO:FINE] §7pieck_68, §aEnkor_Pieck§7.
[07-29 07:28:03]: [INFO:FINE] Enkor_Pieck logged in 58.187.57.59
[07-29 07:28:37]: [INFO:FINE] Inyrin logged in 14.191.237.159
[07-29 07:30:55]: [INFO:FINE] The user BrSmoky has 3 accounts:
[07-29 07:30:55]: [INFO:FINE] §7ducquocxa1, ducquocxa2, §aBrSmoky§7.
[07-29 07:30:55]: [INFO:FINE] BrSmoky logged in 14.163.109.71
[07-29 07:46:03]: [INFO:FINE] noir logged in 59.153.248.171
[07-29 07:47:05]: [INFO:FINE] The user .phongngu34 has 2 accounts:
[07-29 07:47:05]: [INFO:FINE] §7§a.phongngu34§7, phongngu34.
[07-29 07:47:05]: [INFO:FINE] .phongngu34 logged in 27.70.185.33
